WARN    (2005-01-21) 14:24.15:555   [org.apache.jcs.config.OptionConverter] (Unknown-URI) Unknown-thread/LogKitLogger: Could not find value for key jcs.default.elementattributes
WARN    (2005-01-21) 14:24.15:571   [org.apache.jcs.engine.control.CompositeCacheConfigurator] (Unknown-URI) Unknown-thread/LogKitLogger: Could not instantiate eAttr named 'jcs.default.elementattributes', using defaults.
WARN    (2005-01-21) 14:24.15:573   [org.apache.jcs.config.OptionConverter] (Unknown-URI) Unknown-thread/LogKitLogger: Could not find value for key jcs.system.groupIdCache.elementattributes
WARN    (2005-01-21) 14:24.15:573   [org.apache.jcs.engine.control.CompositeCacheConfigurator] (Unknown-URI) Unknown-thread/LogKitLogger: Could not instantiate eAttr named 'jcs.system.groupIdCache.elementattributes', using defaults.
WARN    (2005-01-21) 14:24.17:127   [org.apache.jcs.config.OptionConverter] (Unknown-URI) Unknown-thread/LogKitLogger: Could not find value for key jcs.region.main.elementattributes
WARN    (2005-01-21) 14:24.17:128   [org.apache.jcs.engine.control.CompositeCacheConfigurator] (Unknown-URI) Unknown-thread/LogKitLogger: Could not instantiate eAttr named 'jcs.region.main.elementattributes', using defaults.
WARN    (2005-01-21) 14:28.18:744   [core.manager] (/skin/profile.css) PoolThread-4/TextSerializer: Encountered text before root element. Creating <text> wrapper element.
WARN    (2005-01-21) 14:28.22:627   [core.manager] (/skin/images/rc-t-r-5-1header-2tab-unselected-3tab-unselected.png) PoolThread-4/SVGBuilder: setDocumentLocator was not called, will use http://localhost/ as base URI
WARN    (2005-01-21) 14:28.22:628   [core.manager] (/skin/images/rc-t-r-5-1header-2tab-selected-3tab-selected.png) PoolThread-3/SVGBuilder: setDocumentLocator was not called, will use http://localhost/ as base URI
WARN    (2005-01-21) 14:28.22:671   [core.manager] (/skin/images/rc-t-l-5-1header-2tab-unselected-3tab-unselected.png) PoolThread-2/SVGBuilder: setDocumentLocator was not called, will use http://localhost/ as base URI
WARN    (2005-01-21) 14:28.22:673   [core.manager] (/skin/images/rc-t-l-5-1header-2searchbox-3searchbox.png) PoolThread-1/SVGBuilder: setDocumentLocator was not called, will use http://localhost/ as base URI
WARN    (2005-01-21) 14:28.28:077   [core.manager] (/skin/images/rc-t-r-5-1header-2tab-selected-3tab-selected.png) PoolThread-0/SVGBuilder: setDocumentLocator was not called, will use http://localhost/ as base URI
WARN    (2005-01-21) 14:28.28:574   [core.manager] (/skin/images/rc-t-l-5-1header-2tab-unselected-3tab-unselected.png) PoolThread-6/SVGBuilder: setDocumentLocator was not called, will use http://localhost/ as base URI
WARN    (2005-01-21) 14:28.28:688   [core.manager] (/skin/images/rc-t-l-5-1header-2searchbox-3searchbox.png) PoolThread-5/SVGBuilder: setDocumentLocator was not called, will use http://localhost/ as base URI
WARN    (2005-01-21) 14:28.28:849   [core.manager] (/skin/images/rc-t-r-5-1header-2tab-unselected-3tab-unselected.png) PoolThread-7/SVGBuilder: setDocumentLocator was not called, will use http://localhost/ as base URI
WARN    (2005-01-21) 14:28.29:107   [core.manager] (/skin/images/rc-t-l-5-1header-2tab-selected-3tab-selected.png) PoolThread-6/SVGBuilder: setDocumentLocator was not called, will use http://localhost/ as base URI
WARN    (2005-01-21) 14:28.29:425   [core.manager] (/skin/images/rc-t-r-15-1body-2menu-3menu.png) PoolThread-0/SVGBuilder: setDocumentLocator was not called, will use http://localhost/ as base URI
WARN    (2005-01-21) 14:28.29:915   [core.manager] (/skin/images/rc-b-r-5-1header-2tab-selected-3tab-selected.png) PoolThread-5/SVGBuilder: setDocumentLocator was not called, will use http://localhost/ as base URI
WARN    (2005-01-21) 14:28.30:075   [core.manager] (/skin/images/rc-b-r-15-1body-2menu-3menu.png) PoolThread-7/SVGBuilder: setDocumentLocator was not called, will use http://localhost/ as base URI
WARN    (2005-01-21) 14:28.30:118   [core.manager] (/skin/images/rc-t-r-5-1header-2searchbox-3searchbox.png) PoolThread-6/SVGBuilder: setDocumentLocator was not called, will use http://localhost/ as base URI
WARN    (2005-01-21) 14:28.31:572   [core.manager] (/skin/images/rc-b-l-15-1body-2menu-3menu.png) PoolThread-0/SVGBuilder: setDocumentLocator was not called, will use http://localhost/ as base URI
WARN    (2005-01-21) 17:16.45:571   [core.manager] (Unknown-URI) Unknown-thread/ExcaliburComponentManager: disposing of handler for unreleased component. role [org.apache.excalibur.store.StoreJanitor]
WARN    (2005-01-21) 17:16.45:571   [core.manager] (Unknown-URI) Unknown-thread/ExcaliburComponentManager: disposing of handler for unreleased component. role [org.apache.avalon.excalibur.logger.LoggerManager]
WARN    (2005-01-21) 17:16.45:572   [core.manager] (Unknown-URI) Unknown-thread/ExcaliburComponentManager: disposing of handler for unreleased component. role [org.apache.excalibur.xml.xpath.XPathProcessor]
WARN    (2005-01-21) 17:16.45:576   [core.manager] (Unknown-URI) Unknown-thread/ExcaliburComponentManager: disposing of handler for unreleased component. role [org.apache.excalibur.store.Store]
WARN    (2005-01-21) 17:16.45:667   [org.apache.jcs.auxiliary.disk.indexed.IndexedDisk] (Unknown-URI) Unknown-thread/LogKitLogger: Resetting data file
WARN    (2005-01-21) 17:16.45:668   [org.apache.jcs.auxiliary.disk.indexed.IndexedDisk] (Unknown-URI) Unknown-thread/LogKitLogger: Resetting data file
WARN    (2005-01-21) 17:16.45:678   [org.apache.jcs.auxiliary.disk.indexed.IndexedDiskCache] (Unknown-URI) Unknown-thread/LogKitLogger: Closing files, base filename: main
WARN    (2005-01-21) 17:16.45:679   [org.apache.jcs.engine.control.CompositeCache] (Unknown-URI) Unknown-thread/LogKitLogger: Called close for main
WARN    (2005-01-21) 17:16.45:686   [org.apache.jcs.auxiliary.disk.indexed.IndexedDisk] (Unknown-URI) Unknown-thread/LogKitLogger: Resetting data file
WARN    (2005-01-21) 17:16.45:688   [org.apache.jcs.auxiliary.disk.indexed.IndexedDisk] (Unknown-URI) Unknown-thread/LogKitLogger: Resetting data file
WARN    (2005-01-21) 17:16.45:731   [org.apache.jcs.auxiliary.disk.indexed.IndexedDiskCache] (Unknown-URI) Unknown-thread/LogKitLogger: Closing files, base filename: groupIdCache
WARN    (2005-01-21) 17:16.45:744   [org.apache.jcs.engine.control.CompositeCache] (Unknown-URI) Unknown-thread/LogKitLogger: Called close for groupIdCache
WARN    (2005-01-21) 17:16.45:745   [core.manager] (Unknown-URI) Unknown-thread/ExcaliburComponentManager: disposing of handler for unreleased component. role [org.apache.excalibur.xml.xslt.XSLTProcessor]
WARN    (2005-01-21) 17:16.45:750   [core.manager] (Unknown-URI) Unknown-thread/ExcaliburComponentManager: disposing of handler for unreleased component. role [org.apache.cocoon.caching.Cache]
WARN    (2005-01-21) 17:16.45:751   [core.manager] (Unknown-URI) Unknown-thread/ExcaliburComponentManager: disposing of handler for unreleased component. role [org.apache.excalibur.source.SourceFactorySelector]
WARN    (2005-01-21) 17:16.45:751   [core.manager] (Unknown-URI) Unknown-thread/ExcaliburComponentManager: disposing of handler for unreleased component. role [org.apache.excalibur.store.Store/TransientStore]
WARN    (2005-01-21) 17:16.45:751   [core.manager] (Unknown-URI) Unknown-thread/ExcaliburComponentManager: disposing of handler for unreleased component. role [org.apache.cocoon.components.modules.input.InputModuleSelector]
WARN    (2005-01-21) 17:16.45:752   [core.manager] (Unknown-URI) Unknown-thread/ExcaliburComponentManager: disposing of handler for unreleased component. role [org.apache.excalibur.xmlizer.XMLizer]
WARN    (2005-01-21) 17:16.45:753   [core.manager] (Unknown-URI) Unknown-thread/ExcaliburComponentManager: disposing of handler for unreleased component. role [org.apache.excalibur.source.SourceResolver]
ERROR   (2005-01-21) 17:16.46:133   [org.apache.jcs.auxiliary.disk.indexed.IndexedDiskCache] (Unknown-URI) Unknown-thread/LogKitLogger: Failure updating element, cacheName: main, key: PK_G-file-cocoon://book-index.html?pipelinehash=-6973062720990789601
java.lang.InterruptedException
	at EDU.oswego.cs.dl.util.concurrent.WriterPreferenceReadWriteLock$WriterLock.acquire(Unknown Source)
	at org.apache.jcs.auxiliary.disk.indexed.IndexedDiskCache.doUpdate(IndexedDiskCache.java:362)
	at org.apache.jcs.auxiliary.disk.AbstractDiskCache$MyCacheListener.handlePut(AbstractDiskCache.java:441)
	at org.apache.jcs.engine.CacheEventQueue$PutEvent.doRun(CacheEventQueue.java:573)
	at org.apache.jcs.engine.CacheEventQueue$AbstractCacheEvent.run(CacheEventQueue.java:489)
	at org.apache.jcs.engine.CacheEventQueue$QProcessor.run(CacheEventQueue.java:461)
